<?xml version="1.0" encoding="UTF-8"?>
<testsuite name="ch.zhaw.iwi.devops.demo.ToDoTest" tests="1" skipped="0" failures="0" errors="0" timestamp="2025-04-13T16:49:55" hostname="MISAASUS" time="0.008">
  <properties/>
  <testcase name="testToDo()" classname="ch.zhaw.iwi.devops.demo.ToDoTest" time="0.008"/>
  <system-out><![CDATA[]]></system-out>
  <system-err><![CDATA[]]></system-err>
</testsuite>
