<?xml version="1.0" encoding="UTF-8"?>
<testsuite name="ch.zhaw.iwi.devops.demo.DemoApplicationTests" tests="1" skipped="0" failures="0" errors="0" timestamp="2025-04-13T16:49:49" hostname="MISAASUS" time="4.079">
  <properties/>
  <testcase name="contextLoads()" classname="ch.zhaw.iwi.devops.demo.DemoApplicationTests" time="4.079"/>
  <system-out><![CDATA[18:49:41.773 [Test worker] INFO org.springframework.test.context.support.AnnotationConfigContextLoaderUtils -- Could not detect default configuration classes for test class [ch.zhaw.iwi.devops.demo.DemoApplicationTests]: DemoApplicationTests does not declare any static, non-private, non-final, nested classes annotated with @Configuration.
18:49:42.489 [Test worker] INFO org.springframework.boot.test.context.SpringBootTestContextBootstrapper -- Found @SpringBootConfiguration ch.zhaw.iwi.devops.demo.DemoApplication for test class ch.zhaw.iwi.devops.demo.DemoApplicationTests

  .   ____          _            __ _ _
 /\\ / ___'_ __ _ _(_)_ __  __ _ \ \ \ \
( ( )\___ | '_ | '_| | '_ \/ _` | \ \ \ \
 \\/  ___)| |_)| | | | | || (_| |  ) ) ) )
  '  |____| .__|_| |_|_| |_\__, | / / / /
 =========|_|==============|___/=/_/_/_/

 :: Spring Boot ::                (v3.3.5)

2025-04-13T18:49:44.892+02:00  INFO 5544 --- [    Test worker] c.z.i.devops.demo.DemoApplicationTests   : Starting DemoApplicationTests using Java 21.0.5 with PID 5544 (started by micha in C:\Users\micha\DevOps-06-Quality\backend)
2025-04-13T18:49:44.913+02:00  INFO 5544 --- [    Test worker] c.z.i.devops.demo.DemoApplicationTests   : No active profile set, falling back to 1 default profile: "default"
2025-04-13T18:49:49.614+02:00  INFO 5544 --- [    Test worker] c.z.i.devops.demo.DemoApplicationTests   : Started DemoApplicationTests in 5.982 seconds (process running for 13.297)
Init Data
]]></system-out>
  <system-err><![CDATA[WARNING: A Java agent has been loaded dynamically (C:\Users\micha\.gradle\caches\modules-2\files-2.1\net.bytebuddy\byte-buddy-agent\1.14.19\154da3a65b4f4a909d3e5bdec55d1b2b4cbb6ce1\byte-buddy-agent-1.14.19.jar)
WARNING: If a serviceability tool is in use, please run with -XX:+EnableDynamicAgentLoading to hide this warning
WARNING: If a serviceability tool is not in use, please run with -Djdk.instrument.traceUsage for more information
WARNING: Dynamic loading of agents will be disallowed by default in a future release
]]></system-err>
</testsuite>
