<?xml version="1.0" encoding="UTF-8"?>
<testsuite name="ch.zhaw.iwi.devops.demo.ToDoControllerTest" tests="4" skipped="0" failures="0" errors="0" timestamp="2025-04-13T16:49:53" hostname="MISAASUS" time="1.466">
  <properties/>
  <testcase name="testPing()" classname="ch.zhaw.iwi.devops.demo.ToDoControllerTest" time="0.006"/>
  <testcase name="testTest()" classname="ch.zhaw.iwi.devops.demo.ToDoControllerTest" time="0.003"/>
  <testcase name="testCreate()" classname="ch.zhaw.iwi.devops.demo.ToDoControllerTest" time="0.006"/>
  <testcase name="testDelete()" classname="ch.zhaw.iwi.devops.demo.ToDoControllerTest" time="1.44"/>
  <system-out><![CDATA[]]></system-out>
  <system-err><![CDATA[]]></system-err>
</testsuite>
