<?xml version="1.0" encoding="UTF-8"?>
<testsuite name="ch.zhaw.iwi.devops.fizzbuzz.FizzBuzzConverterTest" tests="6" skipped="0" failures="0" errors="0" timestamp="2025-04-13T16:49:55" hostname="MISAASUS" time="0.07">
  <properties/>
  <testcase name="fizzBuzzConverter1()" classname="ch.zhaw.iwi.devops.fizzbuzz.FizzBuzzConverterTest" time="0.013"/>
  <testcase name="fizzBuzzConvertor2()" classname="ch.zhaw.iwi.devops.fizzbuzz.FizzBuzzConverterTest" time="0.007"/>
  <testcase name="fizzBuzzConvertor3()" classname="ch.zhaw.iwi.devops.fizzbuzz.FizzBuzzConverterTest" time="0.005"/>
  <testcase name="fizzBuzzConvertorMultiplesOfThreeAndSeven()" classname="ch.zhaw.iwi.devops.fizzbuzz.FizzBuzzConverterTest" time="0.005"/>
  <testcase name="fizzBuzzConvertorMultiplesOfSeven()" classname="ch.zhaw.iwi.devops.fizzbuzz.FizzBuzzConverterTest" time="0.006"/>
  <testcase name="fizzBuzzConvertorMultiplesOfThree()" classname="ch.zhaw.iwi.devops.fizzbuzz.FizzBuzzConverterTest" time="0.006"/>
  <system-out><![CDATA[]]></system-out>
  <system-err><![CDATA[]]></system-err>
</testsuite>
