<?xml version="1.0" encoding="UTF-8"?>
<testsuite name="ch.zhaw.iwi.devops.demo.PathListEntryTest" tests="6" skipped="0" failures="0" errors="0" timestamp="2025-04-13T16:49:53" hostname="MISAASUS" time="0.097">
  <properties/>
  <testcase name="testKeyHashCodeAndEquals()" classname="ch.zhaw.iwi.devops.demo.PathListEntryTest" time="0.042"/>
  <testcase name="testEqualsAndHashCodeWithNullValues()" classname="ch.zhaw.iwi.devops.demo.PathListEntryTest" time="0.003"/>
  <testcase name="testHashCodeAndEquals()" classname="ch.zhaw.iwi.devops.demo.PathListEntryTest" time="0.004"/>
  <testcase name="testEqualsAndHashCodeWithDifferentValues()" classname="ch.zhaw.iwi.devops.demo.PathListEntryTest" time="0.003"/>
  <testcase name="testSettersAndGetters()" classname="ch.zhaw.iwi.devops.demo.PathListEntryTest" time="0.015"/>
  <testcase name="testConstructor()" classname="ch.zhaw.iwi.devops.demo.PathListEntryTest" time="0.012"/>
  <system-out><![CDATA[]]></system-out>
  <system-err><![CDATA[]]></system-err>
</testsuite>
